0 info it worked if it ends with ok
1 verbose cli [ 'node', '/usr/local/bin/npm', 'install', 'node-sql-generate' ]
2 info using npm@1.4.3
3 info using node@v0.10.26
4 warn package.json SwipesAPI@0.1.1 No repository field.
5 warn package.json SwipesAPI@0.1.1 No README data
6 warn package.json connect-timeout@0.0.1 No repository field.
7 warn package.json parse@1.2.13 No repository field.
8 verbose readDependencies using package.json deps
9 verbose cache add [ 'node-sql-generate', null ]
10 verbose cache add name=undefined spec="node-sql-generate" args=["node-sql-generate",null]
11 verbose parsed url { protocol: null,
11 verbose parsed url   slashes: null,
11 verbose parsed url   auth: null,
11 verbose parsed url   host: null,
11 verbose parsed url   port: null,
11 verbose parsed url   hostname: null,
11 verbose parsed url   hash: null,
11 verbose parsed url   search: null,
11 verbose parsed url   query: null,
11 verbose parsed url   pathname: 'node-sql-generate',
11 verbose parsed url   path: 'node-sql-generate',
11 verbose parsed url   href: 'node-sql-generate' }
12 silly lockFile 8d9a273b-node-sql-generate node-sql-generate
13 verbose lock node-sql-generate /Users/kasper/.npm/8d9a273b-node-sql-generate.lock
14 silly lockFile 8d9a273b-node-sql-generate node-sql-generate
15 silly lockFile 8d9a273b-node-sql-generate node-sql-generate
16 verbose addNamed [ 'node-sql-generate', '' ]
17 verbose addNamed [ null, '*' ]
18 silly lockFile 1fe0b1e3-node-sql-generate node-sql-generate@
19 verbose lock node-sql-generate@ /Users/kasper/.npm/1fe0b1e3-node-sql-generate.lock
20 silly addNameRange { name: 'node-sql-generate', range: '*', hasData: false }
21 verbose url raw node-sql-generate
22 verbose url resolving [ 'https://registry.npmjs.org/', './node-sql-generate' ]
23 verbose url resolved https://registry.npmjs.org/node-sql-generate
24 info trying registry request attempt 1 at 10:00:59
25 http GET https://registry.npmjs.org/node-sql-generate
26 http 404 https://registry.npmjs.org/node-sql-generate
27 silly registry.get cb [ 404,
27 silly registry.get   { date: 'Thu, 08 May 2014 07:01:00 GMT',
27 silly registry.get     server: 'CouchDB/1.5.0 (Erlang OTP/R16B)',
27 silly registry.get     'content-type': 'application/json',
27 silly registry.get     via: '1.1 varnish',
27 silly registry.get     'cache-control': 'max-age=0',
27 silly registry.get     'content-length': '52',
27 silly registry.get     'accept-ranges': 'bytes',
27 silly registry.get     age: '0',
27 silly registry.get     'x-served-by': 'cache-v44-ASH, cache-am76-AMS',
27 silly registry.get     'x-cache': 'MISS, MISS',
27 silly registry.get     'x-cache-hits': '0, 0',
27 silly registry.get     'x-timer': 'S1399532460.263597012,VS0,VS44,VE165,VE207',
27 silly registry.get     'keep-alive': 'timeout=10, max=50',
27 silly registry.get     connection: 'Keep-Alive' } ]
28 silly lockFile 1fe0b1e3-node-sql-generate node-sql-generate@
29 silly lockFile 1fe0b1e3-node-sql-generate node-sql-generate@
30 error 404 'node-sql-generate' is not in the npm registry.
30 error 404 You should bug the author to publish it
30 error 404 It was specified as a dependency of 'SwipesAPI'
30 error 404
30 error 404 Maybe try 'npm search sql generate'
30 error 404
30 error 404 Note that you can also install from a
30 error 404 tarball, folder, or http url, or git url.
31 error System Darwin 13.1.0
32 error command "node" "/usr/local/bin/npm" "install" "node-sql-generate"
33 error cwd /Users/kasper/Code/Swipes/web-test/backend
34 error node -v v0.10.26
35 error npm -v 1.4.3
36 error code E404
37 verbose exit [ 1, true ]
